<?xml version="1.0" encoding="UTF-8"?>
<testsuite name="com.example.jdog.distributedServer.DistributedServerApplicationTests" tests="1" skipped="0" failures="0" errors="0" timestamp="2020-04-10T20:07:28" hostname="BOX" time="0.513">
  <properties/>
  <testcase name="contextLoads()" classname="com.example.jdog.distributedServer.DistributedServerApplicationTests" time="0.513"/>
  <system-out><![CDATA[21:07:24.482 [Test worker] DEBUG org.springframework.test.context.BootstrapUtils - Instantiating CacheAwareContextLoaderDelegate from class [org.springframework.test.context.cache.DefaultCacheAwareContextLoaderDelegate]
21:07:24.504 [Test worker] DEBUG org.springframework.test.context.BootstrapUtils - Instantiating BootstrapContext using constructor [public org.springframework.test.context.support.DefaultBootstrapContext(java.lang.Class,org.springframework.test.context.CacheAwareContextLoaderDelegate)]
21:07:24.542 [Test worker] DEBUG org.springframework.test.context.BootstrapUtils - Instantiating TestContextBootstrapper for test class [com.example.jdog.distributedServer.DistributedServerApplicationTests] from class [org.springframework.boot.test.context.SpringBootTestContextBootstrapper]
21:07:24.565 [Test worker] INFO org.springframework.boot.test.context.SpringBootTestContextBootstrapper - Neither @ContextConfiguration nor @ContextHierarchy found for test class [com.example.jdog.distributedServer.DistributedServerApplicationTests], using SpringBootContextLoader
21:07:24.571 [Test worker] DEBUG org.springframework.test.context.support.AbstractContextLoader - Did not detect default resource location for test class [com.example.jdog.distributedServer.DistributedServerApplicationTests]: class path resource [com/example/jdog/distributedServer/DistributedServerApplicationTests-context.xml] does not exist
21:07:24.572 [Test worker] DEBUG org.springframework.test.context.support.AbstractContextLoader - Did not detect default resource location for test class [com.example.jdog.distributedServer.DistributedServerApplicationTests]: class path resource [com/example/jdog/distributedServer/DistributedServerApplicationTestsContext.groovy] does not exist
21:07:24.572 [Test worker] INFO org.springframework.test.context.support.AbstractContextLoader - Could not detect default resource locations for test class [com.example.jdog.distributedServer.DistributedServerApplicationTests]: no resource found for suffixes {-context.xml, Context.groovy}.
21:07:24.574 [Test worker] INFO org.springframework.test.context.support.AnnotationConfigContextLoaderUtils - Could not detect default configuration classes for test class [com.example.jdog.distributedServer.DistributedServerApplicationTests]: DistributedServerApplicationTests does not declare any static, non-private, non-final, nested classes annotated with @Configuration.
21:07:24.640 [Test worker] DEBUG org.springframework.test.context.support.ActiveProfilesUtils - Could not find an 'annotation declaring class' for annotation type [org.springframework.test.context.ActiveProfiles] and class [com.example.jdog.distributedServer.DistributedServerApplicationTests]
21:07:24.737 [Test worker] DEBUG org.springframework.context.annotation.ClassPathScanningCandidateComponentProvider - Identified candidate component class: file [C:\Users\Rodneystar\dev\distributedServer\build\classes\java\main\com\example\jdog\distributedServer\DistributedServerApplication.class]
21:07:24.759 [Test worker] INFO org.springframework.boot.test.context.SpringBootTestContextBootstrapper - Found @SpringBootConfiguration com.example.jdog.distributedServer.DistributedServerApplication for test class com.example.jdog.distributedServer.DistributedServerApplicationTests
21:07:24.930 [Test worker] DEBUG org.springframework.boot.test.context.SpringBootTestContextBootstrapper - @TestExecutionListeners is not present for class [com.example.jdog.distributedServer.DistributedServerApplicationTests]: using defaults.
21:07:24.932 [Test worker] INFO org.springframework.boot.test.context.SpringBootTestContextBootstrapper - Loaded default TestExecutionListener class names from location [META-INF/spring.factories]: [org.springframework.boot.test.autoconfigure.restdocs.RestDocsTestExecutionListener, org.springframework.boot.test.autoconfigure.web.client.MockRestServiceServerResetTestExecutionListener, org.springframework.boot.test.autoconfigure.web.servlet.MockMvcPrintOnlyOnFailureTestExecutionListener, org.springframework.boot.test.autoconfigure.web.servlet.WebDriverTestExecutionListener, org.springframework.boot.test.mock.mockito.MockitoTestExecutionListener, org.springframework.boot.test.mock.mockito.ResetMocksTestExecutionListener, org.springframework.test.context.web.ServletTestExecutionListener, org.springframework.test.context.support.DirtiesContextBeforeModesTestExecutionListener, org.springframework.test.context.support.DependencyInjectionTestExecutionListener, org.springframework.test.context.support.DirtiesContextTestExecutionListener, org.springframework.test.context.transaction.TransactionalTestExecutionListener, org.springframework.test.context.jdbc.SqlScriptsTestExecutionListener, org.springframework.test.context.event.EventPublishingTestExecutionListener]
21:07:24.958 [Test worker] DEBUG org.springframework.boot.test.context.SpringBootTestContextBootstrapper - Skipping candidate TestExecutionListener [org.springframework.test.context.transaction.TransactionalTestExecutionListener] due to a missing dependency. Specify custom listener classes or make the default listener classes and their required dependencies available. Offending class: [org/springframework/transaction/interceptor/TransactionAttributeSource]
21:07:24.959 [Test worker] DEBUG org.springframework.boot.test.context.SpringBootTestContextBootstrapper - Skipping candidate TestExecutionListener [org.springframework.test.context.jdbc.SqlScriptsTestExecutionListener] due to a missing dependency. Specify custom listener classes or make the default listener classes and their required dependencies available. Offending class: [org/springframework/transaction/interceptor/TransactionAttribute]
21:07:24.960 [Test worker] INFO org.springframework.boot.test.context.SpringBootTestContextBootstrapper - Using TestExecutionListeners: [org.springframework.test.context.web.ServletTestExecutionListener@3c41c708, org.springframework.test.context.support.DirtiesContextBeforeModesTestExecutionListener@46cf980a, org.springframework.boot.test.mock.mockito.MockitoTestExecutionListener@3a7ac2cc, org.springframework.boot.test.autoconfigure.SpringBootDependencyInjectionTestExecutionListener@7b100e7d, org.springframework.test.context.support.DirtiesContextTestExecutionListener@49dbff90, org.springframework.test.context.event.EventPublishingTestExecutionListener@73ee2169, org.springframework.boot.test.autoconfigure.restdocs.RestDocsTestExecutionListener@1feef17a, org.springframework.boot.test.autoconfigure.web.client.MockRestServiceServerResetTestExecutionListener@6476671c, org.springframework.boot.test.autoconfigure.web.servlet.MockMvcPrintOnlyOnFailureTestExecutionListener@7247337d, org.springframework.boot.test.autoconfigure.web.servlet.WebDriverTestExecutionListener@7020b135, org.springframework.boot.test.mock.mockito.ResetMocksTestExecutionListener@18adeb6a]
21:07:24.966 [Test worker] DEBUG org.springframework.test.context.support.AbstractDirtiesContextTestExecutionListener - Before test class: context [DefaultTestContext@41d7aa89 testClass = DistributedServerApplicationTests, testInstance = [null], testMethod = [null], testException = [null], mergedContextConfiguration = [WebMergedContextConfiguration@6e5b82ea testClass = DistributedServerApplicationTests, locations = '{}', classes = '{class com.example.jdog.distributedServer.DistributedServerApplication}', contextInitializerClasses = '[]', activeProfiles = '{}', propertySourceLocations = '{}', propertySourceProperties = '{org.springframework.boot.test.context.SpringBootTestContextBootstrapper=true}', contextCustomizers = set[org.springframework.boot.test.autoconfigure.properties.PropertyMappingContextCustomizer@0, org.springframework.boot.test.autoconfigure.web.servlet.WebDriverContextCustomizerFactory$Customizer@6dedbdc6, org.springframework.boot.test.context.filter.ExcludeFilterContextCustomizer@23aa689b, org.springframework.boot.test.json.DuplicateJsonObjectContextCustomizerFactory$DuplicateJsonObjectContextCustomizer@7100395b, org.springframework.boot.test.mock.mockito.MockitoContextCustomizer@0, org.springframework.boot.test.web.client.TestRestTemplateContextCustomizer@5182b9fc], resourceBasePath = 'src/main/webapp', contextLoader = 'org.springframework.boot.test.context.SpringBootContextLoader', parent = [null]], attributes = map['org.springframework.test.context.web.ServletTestExecutionListener.activateListener' -> true]], class annotated with @DirtiesContext [false] with mode [null].
21:07:25.011 [Test worker] DEBUG org.springframework.test.context.support.TestPropertySourceUtils - Adding inlined properties to environment: {spring.jmx.enabled=false, org.springframework.boot.test.context.SpringBootTestContextBootstrapper=true, server.port=-1}

  .   ____          _            __ _ _
 /\\ / ___'_ __ _ _(_)_ __  __ _ \ \ \ \
( ( )\___ | '_ | '_| | '_ \/ _` | \ \ \ \
 \\/  ___)| |_)| | | | | || (_| |  ) ) ) )
  '  |____| .__|_| |_|_| |_\__, | / / / /
 =========|_|==============|___/=/_/_/_/
 :: Spring Boot ::        (v2.2.6.RELEASE)

2020-04-10 21:07:25.418  INFO 15612 --- [    Test worker] .e.j.d.DistributedServerApplicationTests : Starting DistributedServerApplicationTests on Box with PID 15612 (started by Rodneystar in C:\Users\Rodneystar\dev\distributedServer)
2020-04-10 21:07:25.421  INFO 15612 --- [    Test worker] .e.j.d.DistributedServerApplicationTests : No active profile set, falling back to default profiles: default
2020-04-10 21:07:27.821  INFO 15612 --- [    Test worker] o.s.s.concurrent.ThreadPoolTaskExecutor  : Initializing ExecutorService 'applicationTaskExecutor'
2020-04-10 21:07:28.299  INFO 15612 --- [    Test worker] .e.j.d.DistributedServerApplicationTests : Started DistributedServerApplicationTests in 3.274 seconds (JVM running for 5.275)
]]></system-out>
  <system-err><![CDATA[]]></system-err>
</testsuite>
